<?xml version="1.0" encoding="UTF-8"?>
<!-- Generated by org.testng.reporters.JUnitReportReporter -->
<testsuite hostname="DESKTOP-VS054RB" failures="0" tests="2" name="basics.Day3" time="0.007" errors="0" timestamp="2025-07-31T20:30:43 IST" skipped="0">
  <testcase classname="basics.Day3" name="weblogincar" time="0.004"/>
  <testcase classname="basics.Day3" name="mobilelogincar" time="0.003"/>
</testsuite> <!-- basics.Day3 -->
