<?xml version="1.0" encoding="UTF-8"?>
<!-- Generated by org.testng.reporters.JUnitReportReporter -->
<testsuite hostname="DESKTOP-VS054RB" failures="0" tests="2" name="basics.Day1" time="0.019" errors="0" timestamp="2025-07-31T20:30:43 IST" skipped="0">
  <testcase classname="basics.Day1" name="Test2" time="0.005"/>
  <testcase classname="basics.Day1" name="Test1" time="0.014"/>
</testsuite> <!-- basics.Day1 -->
