<?xml version="1.0" encoding="UTF-8"?>
<!-- Generated by org.testng.reporters.JUnitReportReporter -->
<testsuite hostname="DESKTOP-VS054RB" failures="0" tests="2" name="basics.Day2" time="0.035" errors="0" timestamp="2025-07-31T20:30:43 IST" skipped="0">
  <testcase classname="basics.Day2" name="Testa" time="0.004"/>
  <testcase classname="basics.Day2" name="Testb" time="0.031"/>
</testsuite> <!-- basics.Day2 -->
